{"level":"info","message":"Ya just logger worke like a charm","timestamp":"2014-10-31T12:56:21.664Z"}
{"level":"info","message":"Ya just logger worke like a charm","timestamp":"2014-10-31T12:57:12.024Z"}
{"level":"info","message":"Ya just logger worke like a charm","timestamp":"2014-10-31T13:02:04.407Z"}
{"level":"info","message":"initTCPSocket on 5000","timestamp":"2014-10-31T13:02:06.096Z"}
{"level":"info","message":"Fri Oct 31 2014 16:32:06 GMT+0330 (IRST) Server is listening on port 1337","timestamp":"2014-10-31T13:02:06.103Z"}
{"level":"info","message":"Middle layer","timestamp":"2014-10-31T13:02:53.378Z"}
{"level":"info","message":"Middle layer","timestamp":"2014-10-31T13:02:54.870Z"}
{"level":"info","message":"Middle layer","timestamp":"2014-10-31T13:04:51.371Z"}
{"level":"info","message":"Ya just logger worke like a charm","timestamp":"2014-10-31T13:07:35.070Z"}
{"level":"info","message":"initTCPSocket on 5000","timestamp":"2014-10-31T13:07:37.486Z"}
{"level":"info","message":"Fri Oct 31 2014 16:37:37 GMT+0330 (IRST) Server is listening on port 1337","timestamp":"2014-10-31T13:07:37.494Z"}
{"level":"info","message":"Middle layer","timestamp":"2014-10-31T13:07:41.072Z"}
{"level":"info","message":"Signup new user","timestamp":"2014-10-31T13:07:41.073Z"}
{"level":"error","message":"Bad params","timestamp":"2014-10-31T13:07:41.073Z"}
{"level":"info","message":"Middle layer","timestamp":"2014-10-31T13:08:19.122Z"}
{"level":"info","message":"Signup new user","timestamp":"2014-10-31T13:08:19.122Z"}
{"level":"error","message":"Bad params","timestamp":"2014-10-31T13:08:19.122Z"}
{"level":"info","message":"Middle layer","timestamp":"2014-10-31T13:08:57.751Z"}
{"level":"info","message":"Signup new user","timestamp":"2014-10-31T13:08:57.751Z"}
{"level":"info","message":"Middle layer","timestamp":"2014-10-31T13:09:32.093Z"}
{"level":"info","message":"Signup new user","timestamp":"2014-10-31T13:09:32.094Z"}
{"level":"info","message":"Middle layer","timestamp":"2014-10-31T13:10:11.312Z"}
{"level":"info","message":"Signup new user","timestamp":"2014-10-31T13:10:11.312Z"}
{"level":"info","message":"Middle layer","timestamp":"2014-10-31T13:10:24.290Z"}
{"level":"info","message":"Signup new user","timestamp":"2014-10-31T13:10:24.291Z"}
{"level":"info","message":"Middle layer","timestamp":"2014-10-31T13:11:38.940Z"}
{"level":"info","message":"Signup new user","timestamp":"2014-10-31T13:11:38.940Z"}
{"level":"info","message":"Middle layer","timestamp":"2014-10-31T13:12:05.039Z"}
{"level":"info","message":"Signup new user","timestamp":"2014-10-31T13:12:05.040Z"}
{"level":"info","message":"Middle layer","timestamp":"2014-10-31T13:12:12.130Z"}
{"level":"info","message":"Signup new user","timestamp":"2014-10-31T13:12:12.131Z"}
{"level":"error","message":"Bad params","timestamp":"2014-10-31T13:12:12.131Z"}
{"level":"info","message":"Middle layer","timestamp":"2014-10-31T13:12:51.372Z"}
{"level":"info","message":"Signup new user","timestamp":"2014-10-31T13:12:51.373Z"}
{"level":"info","message":"Middle layer","timestamp":"2014-10-31T13:13:00.914Z"}
{"level":"info","message":"Signup new user","timestamp":"2014-10-31T13:13:00.914Z"}
{"level":"info","message":"Middle layer","timestamp":"2014-10-31T13:13:36.281Z"}
{"level":"info","message":"Signup new user","timestamp":"2014-10-31T13:13:36.281Z"}
{"level":"info","message":"Ya just logger worke like a charm","timestamp":"2014-10-31T13:16:41.662Z"}
{"level":"info","message":"initTCPSocket on 5000","timestamp":"2014-10-31T13:16:44.088Z"}
{"level":"info","message":"Fri Oct 31 2014 16:46:44 GMT+0330 (IRST) Server is listening on port 1337","timestamp":"2014-10-31T13:16:44.095Z"}
{"level":"info","message":"Middle layer","timestamp":"2014-10-31T13:16:47.043Z"}
{"level":"info","message":"Signup new user","timestamp":"2014-10-31T13:16:47.044Z"}
{"level":"info","message":"Ya just logger worke like a charm","timestamp":"2014-10-31T13:18:29.959Z"}
{"level":"info","message":"initTCPSocket on 5000","timestamp":"2014-10-31T13:18:30.336Z"}
{"level":"info","message":"Fri Oct 31 2014 16:48:30 GMT+0330 (IRST) Server is listening on port 1337","timestamp":"2014-10-31T13:18:30.346Z"}
{"level":"info","message":"Middle layer","timestamp":"2014-10-31T13:18:34.379Z"}
{"level":"info","message":"Signup new user","timestamp":"2014-10-31T13:18:34.380Z"}
{"level":"info","message":"Ya just logger worke like a charm","timestamp":"2014-10-31T13:20:10.955Z"}
{"level":"info","message":"initTCPSocket on 5000","timestamp":"2014-10-31T13:20:13.584Z"}
{"level":"info","message":"Fri Oct 31 2014 16:50:13 GMT+0330 (IRST) Server is listening on port 1337","timestamp":"2014-10-31T13:20:13.592Z"}
{"level":"info","message":"Middle layer","timestamp":"2014-10-31T13:20:14.862Z"}
{"level":"info","message":"Ya just logger worke like a charm","timestamp":"2014-10-31T13:24:49.607Z"}
{"level":"info","message":"initTCPSocket on 5000","timestamp":"2014-10-31T13:24:49.980Z"}
{"level":"info","message":"Fri Oct 31 2014 16:54:49 GMT+0330 (IRST) Server is listening on port 1337","timestamp":"2014-10-31T13:24:49.987Z"}
{"level":"info","message":"Middle layer","timestamp":"2014-10-31T13:25:09.108Z"}
{"level":"info","message":"Middle layer","timestamp":"2014-10-31T13:25:11.168Z"}
{"level":"info","message":"Middle layer","timestamp":"2014-10-31T13:25:21.584Z"}
{"level":"info","message":"Signup new user","timestamp":"2014-10-31T13:25:21.584Z"}
{"$__":{"strictMode":true,"getters":{},"wasPopulated":false,"activePaths":{"paths":{"email":"modify","salt":"modify","hashedpassword":"modify","username":"modify","registerdate":"default","roles":"default","activities":"default","groups":"default","individuals":"default","nonDeliveredEvents":"default","friends":"default","_id":"default","islockedout":"modify","isaproved":"modify"},"states":{"ignore":{},"default":{"registerdate":true,"roles":true,"activities":true,"groups":true,"individuals":true,"nonDeliveredEvents":true,"friends":true,"_id":true},"init":{},"modify":{"islockedout":true,"isaproved":true,"salt":true,"email":true,"hashedpassword":true,"username":true},"require":{}},"stateNames":["require","modify","init","default","ignore"]}},"isNew":true,"_maxListeners":0,"_events":{"save":[null,null,null],"isNew":[null,null,null]},"_doc":{"registerdate":"1414761921585","roles":[],"activities":[],"groups":[],"individuals":[],"nonDeliveredEvents":[],"friends":[],"_id":{"_bsontype":"ObjectID","id":"TSÁ¯Èµ45¦§"},"islockedout":false,"isaproved":false,"salt":"1","email":"alireza.david22@gmail.com","hashedpassword":"123234","username":"09124955962"},"_pres":{"save":[null,null,null,null]},"_posts":{"save":[]},"level":"info","message":"","timestamp":"2014-10-31T13:25:21.590Z"}
